<?xml version="1.0" encoding="UTF-8"?>
<!-- Generated by org.testng.reporters.JUnitReportReporter -->
<testsuite skipped="0" hostname="Shiva-Laptop" name="package1.ClassA" tests="3" failures="0" timestamp="25 Dec 2018 02:19:35 GMT" time="0.066" errors="0">
  <testcase name="methodA1" time="0.052" classname="package1.ClassA"/>
  <testcase name="methodA2" time="0.007" classname="package1.ClassA"/>
  <testcase name="methodA3" time="0.007" classname="package1.ClassA"/>
</testsuite> <!-- package1.ClassA -->
